<?xml version='1.0' encoding='UTF-8'?>
<testsuite hostname="MacBook-Pro.local" name="notifications.NotificationsSuite" tests="3" errors="0" failures="0" skipped="0" time="0.039" timestamp="2022-06-27T21:54:55">
          <properties>
[...]
</properties>
          <testcase classname="notifications.NotificationsSuite" name="Scala &amp; Java tagged question returns Scala &amp; Java users" time="0.037">
                      
                    </testcase><testcase classname="notifications.NotificationsSuite" name="HTML &amp; CSS tagged question returns HTML &amp; CSS users" time="0.001">
                      
                    </testcase><testcase classname="notifications.NotificationsSuite" name="Java tagged question returns Java users" time="0.001">
                      
                    </testcase>
          <system-out><![CDATA[]]></system-out>
          <system-err><![CDATA[]]></system-err>
        </testsuite>